	Babylon.js Exporter version: 1.8.0, Blender version: 2.76 (sub 0)
========= Conversion from Blender to Babylon.js =========
	Python World class constructor completed
	processing begun of material:  platformer.Material
	processing begun of material:  platformer.Material.001
	processing begun of material:  platformer.Material.002
	processing begun of material:  platformer.Material.003
	processing begun of material:  platformer.Material.004
	processing begun of material:  platformer.Material.005
	processing begun of material:  platformer.Material.006
	processing begun of material:  platformer.Material.007
	processing begun of material:  platformer.Material.008
	processing begun of material:  platformer.Material.012
	Diffuse texture found
Error encountered processing image file:  /home/cefleet/Projects/Sample-Projects-and-Assets/game_setup_samples/platformer-sample/scenes/game-background.jpg, Error:  '/home/cefleet/Projects/Sample-Projects-and-Assets/game_setup_samples/platformer-sample/scenes/game-background.jpg' and '/home/cefleet/Projects/Sample-Projects-and-Assets/game_setup_samples/platformer-sample/scenes/game-background.jpg' are the same file
	processing begun of mesh:  Sphere.003
		processing begun of multimaterial:  platformer.Multimaterial#0
		num positions      :  220
		num normals        :  220
		num uvs            :  0
		num uvs2           :  0
		num colors         :  0
		num indices        :  1044
	processing begun of mesh:  Sphere.002
		processing begun of multimaterial:  platformer.Multimaterial#1
		num positions      :  220
		num normals        :  220
		num uvs            :  0
		num uvs2           :  0
		num colors         :  0
		num indices        :  1044
	processing begun of mesh:  Sphere.001
		processing begun of multimaterial:  platformer.Multimaterial#2
		num positions      :  220
		num normals        :  220
		num uvs            :  0
		num uvs2           :  0
		num colors         :  0
		num indices        :  1044
	processing begun of mesh:  Cube.014
		num positions      :  8
		num normals        :  8
		num uvs            :  0
		num uvs2           :  0
		num colors         :  0
		num indices        :  36
	processing begun of mesh:  Cube.013
		num positions      :  8
		num normals        :  8
		num uvs            :  0
		num uvs2           :  0
		num colors         :  0
		num indices        :  36
	processing begun of mesh:  Cube.012
		num positions      :  8
		num normals        :  8
		num uvs            :  0
		num uvs2           :  0
		num colors         :  0
		num indices        :  36
	processing begun of mesh:  Cube.011
		num positions      :  8
		num normals        :  8
		num uvs            :  0
		num uvs2           :  0
		num colors         :  0
		num indices        :  36
	processing begun of mesh:  Cube.010
		num positions      :  8
		num normals        :  8
		num uvs            :  0
		num uvs2           :  0
		num colors         :  0
		num indices        :  36
	processing begun of mesh:  Cube.009
		num positions      :  8
		num normals        :  8
		num uvs            :  0
		num uvs2           :  0
		num colors         :  0
		num indices        :  36
	processing begun of mesh:  Cube.008
		num positions      :  8
		num normals        :  8
		num uvs            :  0
		num uvs2           :  0
		num colors         :  0
		num indices        :  36
	processing begun of mesh:  Cube
		num positions      :  8
		num normals        :  8
		num uvs            :  0
		num uvs2           :  0
		num colors         :  0
		num indices        :  36
	processing begun of mesh:  Trigger.End
		num positions      :  8
		num normals        :  8
		num uvs            :  0
		num uvs2           :  0
		num colors         :  0
		num indices        :  36
	processing begun of mesh:  InitialSpawn
		WARNING:  No materials have been assigned: 
		num positions      :  8
		num normals        :  8
		num uvs            :  0
		num uvs2           :  0
		num colors         :  0
		num indices        :  36
	processing begun of mesh:  Plane.001
		num positions      :  4
		num normals        :  4
		num uvs            :  8
		num uvs2           :  0
		num colors         :  0
		num indices        :  6
	processing begun of mesh:  Cube.007
		WARNING:  No materials have been assigned: 
		num positions      :  8
		num normals        :  8
		num uvs            :  0
		num uvs2           :  0
		num colors         :  0
		num indices        :  36
	processing begun of mesh:  Cube.006
		num positions      :  8
		num normals        :  8
		num uvs            :  0
		num uvs2           :  0
		num colors         :  0
		num indices        :  36
	processing begun of mesh:  Cube.004
		num positions      :  8
		num normals        :  8
		num uvs            :  0
		num uvs2           :  0
		num colors         :  0
		num indices        :  36
	processing begun of mesh:  Cube.003
		num positions      :  8
		num normals        :  8
		num uvs            :  0
		num uvs2           :  0
		num colors         :  0
		num indices        :  36
	processing begun of mesh:  Cube.002
		num positions      :  8
		num normals        :  8
		num uvs            :  0
		num uvs2           :  0
		num colors         :  0
		num indices        :  36
	processing begun of mesh:  Cube.001
		num positions      :  8
		num normals        :  8
		num uvs            :  0
		num uvs2           :  0
		num colors         :  0
		num indices        :  36
	processing begun of mesh:  Plane
		num positions      :  8
		num normals        :  8
		num uvs            :  0
		num uvs2           :  0
		num colors         :  0
		num indices        :  36
	processing begun of camera (FreeCamera):  Camera
	processing begun of mesh:  Cube.005
		num positions      :  8
		num normals        :  8
		num uvs            :  0
		num uvs2           :  0
		num colors         :  0
		num indices        :  36
	processing begun of mesh:  Sphere
		processing begun of multimaterial:  platformer.Multimaterial#3
		num positions      :  220
		num normals        :  220
		num uvs            :  0
		num uvs2           :  0
		num colors         :  0
		num indices        :  1044
	processing begun of light (HEMI):  Lamp
========= Writing of scene file started =========
========= Writing of scene file completed =========
========= end of processing =========
