	Babylon.js Exporter version: 1.8.0, Blender version: 2.76 (sub 0)
========= Conversion from Blender to Babylon.js =========
	Python World class constructor completed
	WARNING: No active camera has been assigned, or is not in a currently selected Blender layer
	processing begun of material:  snail.Material.003
	WARNING texture type not currently supported:  NONE, ignored.
	processing begun of material:  snail.Material.004
	processing begun of material:  snail.Material.005
	processing begun of material:  snail.Material.006
	processing begun of skeleton:  Armature, id:  0
	processing begun of bone:  Bone, index:  0
	animation begun of bone:  Bone
	processing begun of bone:  Bone.001, index:  1
	animation begun of bone:  Bone.001
	processing begun of bone:  Bone.002, index:  2
	animation begun of bone:  Bone.002
	processing complete of skeleton:  Armature
	processing begun of mesh:  Snail
		processing begun of multimaterial:  snail.Multimaterial#0
		num positions      :  1188
		num normals        :  1188
		num uvs            :  0
		num uvs2           :  0
		num colors         :  0
		num indices        :  1188
		num skeletonWeights:  4752
		num skeletonIndices:  4752
========= Writing of scene file started =========
========= Writing of scene file completed =========
========= end of processing =========
