	Babylon.js Exporter version: 1.8.0, Blender version: 2.76 (sub 0)
========= Conversion from Blender to Babylon.js =========
	Python World class constructor completed
	WARNING: No active camera has been assigned, or is not in a currently selected Blender layer
	processing begun of material:  myGame.Material.001
	processing begun of material:  myGame.Material.002
	processing begun of material:  myGame.Material.003
	WARNING texture type not currently supported:  NONE, ignored.
	processing begun of material:  myGame.Material.004
	processing begun of material:  myGame.Material.005
	processing begun of material:  myGame.Material.006
	processing begun of material:  myGame.Material.007
	Diffuse texture found
Error encountered processing image file:  /home/cefleet/Projects/Sample-Projects-and-Assets/game_setup_samples/scroller-sample/scenes/background.png, Error:  '/home/cefleet/Projects/Sample-Projects-and-Assets/game_setup_samples/scroller-sample/scenes/background.png' and '/home/cefleet/Projects/Sample-Projects-and-Assets/game_setup_samples/scroller-sample/scenes/background.png' are the same file
	processing begun of material:  myGame.Material.008
	WARNING texture type not currently supported:  DISTORTED_NOISE, ignored.
	processing begun of material:  myGame.Material.009
	WARNING texture type not currently supported:  DISTORTED_NOISE, ignored.
	processing begun of mesh:  Coral.009
		processing begun of multimaterial:  myGame.Multimaterial#0
		num positions      :  516
		num normals        :  516
		num uvs            :  1032
		num uvs2           :  0
		num colors         :  0
		num indices        :  600
	processing begun of mesh:  Coral.008
		processing begun of multimaterial:  myGame.Multimaterial#1
		num positions      :  516
		num normals        :  516
		num uvs            :  1032
		num uvs2           :  0
		num colors         :  0
		num indices        :  600
	processing begun of mesh:  Coral.007
		processing begun of multimaterial:  myGame.Multimaterial#2
		num positions      :  516
		num normals        :  516
		num uvs            :  1032
		num uvs2           :  0
		num colors         :  0
		num indices        :  600
	processing begun of mesh:  Coral.006
		processing begun of multimaterial:  myGame.Multimaterial#3
		num positions      :  516
		num normals        :  516
		num uvs            :  1032
		num uvs2           :  0
		num colors         :  0
		num indices        :  600
	processing begun of mesh:  Coral.005
		processing begun of multimaterial:  myGame.Multimaterial#4
		num positions      :  516
		num normals        :  516
		num uvs            :  1032
		num uvs2           :  0
		num colors         :  0
		num indices        :  600
	processing begun of mesh:  Coral.004
		processing begun of multimaterial:  myGame.Multimaterial#5
		num positions      :  516
		num normals        :  516
		num uvs            :  1032
		num uvs2           :  0
		num colors         :  0
		num indices        :  600
	processing begun of mesh:  Coral.003
		processing begun of multimaterial:  myGame.Multimaterial#6
		num positions      :  515
		num normals        :  515
		num uvs            :  1030
		num uvs2           :  0
		num colors         :  0
		num indices        :  600
	processing begun of mesh:  Coral.002
		processing begun of multimaterial:  myGame.Multimaterial#7
		num positions      :  515
		num normals        :  515
		num uvs            :  1030
		num uvs2           :  0
		num colors         :  0
		num indices        :  600
	processing begun of mesh:  Coral.001
		processing begun of multimaterial:  myGame.Multimaterial#8
		num positions      :  515
		num normals        :  515
		num uvs            :  1030
		num uvs2           :  0
		num colors         :  0
		num indices        :  600
	processing begun of mesh:  Floor.001
		num positions      :  4
		num normals        :  4
		num uvs            :  8
		num uvs2           :  0
		num colors         :  0
		num indices        :  6
	processing begun of mesh:  Trigger.End
		WARNING:  No materials have been assigned: 
		num positions      :  8
		num normals        :  8
		num uvs            :  0
		num uvs2           :  0
		num colors         :  0
		num indices        :  36
	processing begun of mesh:  Bottom
		num positions      :  8
		num normals        :  8
		num uvs            :  0
		num uvs2           :  0
		num colors         :  0
		num indices        :  36
	processing begun of mesh:  Top
		num positions      :  8
		num normals        :  8
		num uvs            :  0
		num uvs2           :  0
		num colors         :  0
		num indices        :  36
	processing begun of mesh:  Floor
		num positions      :  4
		num normals        :  4
		num uvs            :  8
		num uvs2           :  0
		num colors         :  0
		num indices        :  6
	processing begun of mesh:  Snail
		processing begun of multimaterial:  myGame.Multimaterial#9
		num positions      :  248
		num normals        :  248
		num uvs            :  0
		num uvs2           :  0
		num colors         :  0
		num indices        :  1188
	processing begun of mesh:  Coral
		processing begun of multimaterial:  myGame.Multimaterial#10
		num positions      :  515
		num normals        :  515
		num uvs            :  1030
		num uvs2           :  0
		num colors         :  0
		num indices        :  600
	processing begun of light (HEMI):  Hemi
========= Writing of scene file started =========
========= Writing of scene file completed =========
========= end of processing =========
